<?xml version="1.0" encoding="UTF-8"?>
<testng-results ignored="0" total="1" passed="1" failed="0" skipped="0">
  <reporter-output>
  </reporter-output>
  <suite started-at="2021-12-07T21:00:04 IST" name="Suite" finished-at="2021-12-07T21:00:35 IST" duration-ms="30288">
    <groups>
    </groups>
    <test started-at="2021-12-07T21:00:04 IST" name="Test" finished-at="2021-12-07T21:00:35 IST" duration-ms="30288">
      <class name="myntraDemoTests.MyntraDemoTests">
        <test-method is-config="true" signature="initTest()[pri:0, instance:myntraDemoTests.MyntraDemoTests@7722c3c3]" started-at="2021-12-07T21:00:05 IST" name="initTest" finished-at="2021-12-07T21:00:21 IST" duration-ms="15990" status="PASS">
          <reporter-output>
          </reporter-output>
        </test-method> <!-- initTest -->
        <test-method signature="MyntraDemoTest1()[pri:0, instance:myntraDemoTests.MyntraDemoTests@7722c3c3]" started-at="2021-12-07T21:00:21 IST" name="MyntraDemoTest1" finished-at="2021-12-07T21:00:31 IST" duration-ms="10016" status="PASS">
          <reporter-output>
          </reporter-output>
        </test-method> <!-- MyntraDemoTest1 -->
        <test-method is-config="true" signature="closeBrowser()[pri:0, instance:myntraDemoTests.MyntraDemoTests@7722c3c3]" started-at="2021-12-07T21:00:31 IST" name="closeBrowser" finished-at="2021-12-07T21:00:35 IST" duration-ms="3466" status="PASS">
          <reporter-output>
          </reporter-output>
        </test-method> <!-- closeBrowser -->
      </class> <!-- myntraDemoTests.MyntraDemoTests -->
    </test> <!-- Test -->
  </suite> <!-- Suite -->
</testng-results>
